<?xml version="1.0" encoding="UTF-8"?>
<!-- Generated by org.testng.reporters.JUnitXMLReporter -->
<testsuite ignored="0" hostname="LAPTOP-1HDOL07R" failures="0" tests="2" name="BankingApp Test" time="35.069" errors="0" timestamp="2022-05-10T12:04:37 EDT">
  <testcase classname="com.inetbanking.testCases.TC_LoginTest_001" name="loginTest" time="0.973"/>
  <testcase classname="com.inetbanking.testCases.TC_AddCustomerTest_003" name="addNewCustomer" time="26.154"/>
</testsuite> <!-- BankingApp Test -->
