<?xml version="1.0" encoding="UTF-8"?>
<!-- Generated by org.testng.reporters.JUnitXMLReporter -->
<testsuite ignored="0" hostname="LAPTOP-1HDOL07R" failures="0" tests="2" name="BankingApp Test" time="33.229" errors="0" timestamp="2022-05-11T15:34:09 EDT">
  <testcase classname="com.inetbanking.testCases.TC_LoginTest_001" name="loginTest" time="0.952"/>
  <testcase classname="com.inetbanking.testCases.TC_AddCustomerTest_003" name="addNewCustomer" time="26.28"/>
</testsuite> <!-- BankingApp Test -->
