<?xml version="1.0" encoding="UTF-8"?>
<testsuite xmlns:xsi="http://www.w3.org/2001/XMLSchema-instance" xsi:noNamespaceSchemaLocation="https://maven.apache.org/surefire/maven-surefire-plugin/xsd/surefire-test-report-3.0.xsd" version="3.0" name="TestSuite" time="33.902" tests="2" errors="0" skipped="0" failures="0">
  <properties>
[...]
</properties>
  <testcase name="loginTest" classname="com.inetbanking.testCases.TC_LoginTest_001" time="0.967">
    <system-out><![CDATA[browser name is :chrome
2022-05-11 15:33:37 DEBUG InternalLoggerFactory:76 - Using Log4J2 as the default logging framework
2022-05-11 15:33:37 DEBUG ResourceLeakDetector:129 - -Dio.netty.leakDetection.level: simple
2022-05-11 15:33:37 DEBUG ResourceLeakDetector:130 - -Dio.netty.leakDetection.targetRecords: 4
2022-05-11 15:33:37 DEBUG ResourceLeakDetectorFactory:196 - Loaded default ResourceLeakDetector: io.netty.util.ResourceLeakDetector@7a231dfd
2022-05-11 15:33:37 DEBUG PlatformDependent0:460 - -Dio.netty.noUnsafe: false
2022-05-11 15:33:37 DEBUG PlatformDependent0:954 - Java version: 17
2022-05-11 15:33:37 DEBUG PlatformDependent0:135 - sun.misc.Unsafe.theUnsafe: available
2022-05-11 15:33:37 DEBUG PlatformDependent0:159 - sun.misc.Unsafe.copyMemory: available
2022-05-11 15:33:37 DEBUG PlatformDependent0:202 - java.nio.Buffer.address: available
2022-05-11 15:33:37 DEBUG PlatformDependent0:285 - direct buffer constructor: unavailable: Reflective setAccessible(true) disabled
2022-05-11 15:33:37 DEBUG PlatformDependent0:350 - java.nio.Bits.unaligned: available, true
2022-05-11 15:33:37 DEBUG PlatformDependent0:417 - jdk.internal.misc.Unsafe.allocateUninitializedArray(int): unavailable: class io.netty.util.internal.PlatformDependent0$6 cannot access class jdk.internal.misc.Unsafe (in module java.base) because module java.base does not export jdk.internal.misc to unnamed module @12b0404f
2022-05-11 15:33:37 DEBUG PlatformDependent0:446 - java.nio.DirectByteBuffer.<init>(long, int): unavailable
2022-05-11 15:33:37 DEBUG PlatformDependent:1116 - sun.misc.Unsafe: available
2022-05-11 15:33:37 DEBUG PlatformDependent:1227 - maxDirectMemory: 3128950784 bytes (maybe)
2022-05-11 15:33:37 DEBUG PlatformDependent:1246 - -Dio.netty.tmpdir: C:\Users\MARK\AppData\Local\Temp (java.io.tmpdir)
2022-05-11 15:33:37 DEBUG PlatformDependent:1325 - -Dio.netty.bitMode: 64 (sun.arch.data.model)
2022-05-11 15:33:37 DEBUG PlatformDependent:1076 - Platform: Windows
2022-05-11 15:33:37 DEBUG PlatformDependent:178 - -Dio.netty.maxDirectMemory: -1 bytes
2022-05-11 15:33:37 DEBUG PlatformDependent:185 - -Dio.netty.uninitializedArrayAllocationThreshold: -1
2022-05-11 15:33:37 DEBUG CleanerJava9:71 - java.nio.ByteBuffer.cleaner(): available
2022-05-11 15:33:37 DEBUG PlatformDependent:205 - -Dio.netty.noPreferDirect: false
2022-05-11 15:33:37 DEBUG PlatformDependent:967 - org.jctools-core.MpscChunkedArrayQueue: available
2022-05-11 15:33:37 DEBUG InternalThreadLocalMap:86 - -Dio.netty.threadLocalMap.stringBuilder.initialSize: 1024
2022-05-11 15:33:37 DEBUG InternalThreadLocalMap:89 - -Dio.netty.threadLocalMap.stringBuilder.maxSize: 4096
2022-05-11 15:33:37 DEBUG JdkSslContext:97 - Default protocols (JDK): [TLSv1.3, TLSv1.2] 
2022-05-11 15:33:37 DEBUG JdkSslContext:98 - Default cipher suites (JDK): [TLS_ECDHE_ECDSA_WITH_AES_256_GCM_SHA384, TLS_ECDHE_ECDSA_WITH_AES_128_GCM_SHA256, TLS_ECDHE_RSA_WITH_AES_128_GCM_SHA256, TLS_ECDHE_RSA_WITH_AES_256_GCM_SHA384, TLS_ECDHE_RSA_WITH_AES_128_CBC_SHA, TLS_ECDHE_RSA_WITH_AES_256_CBC_SHA, TLS_RSA_WITH_AES_128_GCM_SHA256, TLS_RSA_WITH_AES_128_CBC_SHA, TLS_RSA_WITH_AES_256_CBC_SHA, TLS_AES_128_GCM_SHA256, TLS_AES_256_GCM_SHA384]
2022-05-11 15:33:37 DEBUG MultithreadEventLoopGroup:44 - -Dio.netty.eventLoopThreads: 16
2022-05-11 15:33:37 DEBUG NioEventLoop:109 - -Dio.netty.noKeySetOptimization: false
2022-05-11 15:33:37 DEBUG NioEventLoop:110 - -Dio.netty.selectorAutoRebuildThreshold: 512
2022-05-11 15:33:37 DEBUG PooledByteBufAllocator:155 - -Dio.netty.allocator.numHeapArenas: 16
2022-05-11 15:33:37 DEBUG PooledByteBufAllocator:156 - -Dio.netty.allocator.numDirectArenas: 16
2022-05-11 15:33:37 DEBUG PooledByteBufAllocator:158 - -Dio.netty.allocator.pageSize: 8192
2022-05-11 15:33:37 DEBUG PooledByteBufAllocator:163 - -Dio.netty.allocator.maxOrder: 9
2022-05-11 15:33:37 DEBUG PooledByteBufAllocator:167 - -Dio.netty.allocator.chunkSize: 4194304
2022-05-11 15:33:37 DEBUG PooledByteBufAllocator:168 - -Dio.netty.allocator.smallCacheSize: 256
2022-05-11 15:33:37 DEBUG PooledByteBufAllocator:169 - -Dio.netty.allocator.normalCacheSize: 64
2022-05-11 15:33:37 DEBUG PooledByteBufAllocator:170 - -Dio.netty.allocator.maxCachedBufferCapacity: 32768
2022-05-11 15:33:37 DEBUG PooledByteBufAllocator:171 - -Dio.netty.allocator.cacheTrimInterval: 8192
2022-05-11 15:33:37 DEBUG PooledByteBufAllocator:172 - -Dio.netty.allocator.cacheTrimIntervalMillis: 0
2022-05-11 15:33:37 DEBUG PooledByteBufAllocator:173 - -Dio.netty.allocator.useCacheForAllThreads: false
2022-05-11 15:33:37 DEBUG PooledByteBufAllocator:174 - -Dio.netty.allocator.maxCachedByteBuffersPerChunk: 1023
2022-05-11 15:33:37 DEBUG ByteBufUtil:87 - -Dio.netty.allocator.type: pooled
2022-05-11 15:33:37 DEBUG ByteBufUtil:96 - -Dio.netty.threadLocalDirectBufferSize: 0
2022-05-11 15:33:37 DEBUG ByteBufUtil:99 - -Dio.netty.maxThreadLocalCharBufferSize: 16384
2022-05-11 15:33:37 DEBUG DefaultChannelId:79 - -Dio.netty.processId: 20944 (auto-detected)
2022-05-11 15:33:37 DEBUG NetUtil:136 - -Djava.net.preferIPv4Stack: false
2022-05-11 15:33:37 DEBUG NetUtil:137 - -Djava.net.preferIPv6Addresses: false
2022-05-11 15:33:37 DEBUG NetUtilInitializations:129 - Loopback interface: lo (Software Loopback Interface 1, 127.0.0.1)
2022-05-11 15:33:37 DEBUG NetUtil:191 - Failed to get SOMAXCONN from sysctl and file \proc\sys\net\core\somaxconn. Default: 200
2022-05-11 15:33:37 DEBUG DefaultChannelId:101 - -Dio.netty.machineId: 8c:8d:28:ff:fe:c9:e9:7e (auto-detected)
2022-05-11 15:33:37 DEBUG AbstractByteBuf:63 - -Dio.netty.buffer.checkAccessible: true
2022-05-11 15:33:37 DEBUG AbstractByteBuf:64 - -Dio.netty.buffer.checkBounds: true
2022-05-11 15:33:37 DEBUG ResourceLeakDetectorFactory:196 - Loaded default ResourceLeakDetector: io.netty.util.ResourceLeakDetector@52f91c1e
2022-05-11 15:33:37 DEBUG Recycler:85 - -Dio.netty.recycler.maxCapacityPerThread: 4096
2022-05-11 15:33:37 DEBUG Recycler:86 - -Dio.netty.recycler.ratio: 8
2022-05-11 15:33:37 DEBUG Recycler:87 - -Dio.netty.recycler.chunkSize: 32
2022-05-11 15:33:37 DEBUG Recycler:88 - -Dio.netty.recycler.blocking: false
2022-05-11 15:33:38 DEBUG Brotli:38 - brotli4j not in the classpath; Brotli support will be unavailable.
2022-05-11 15:33:38 DEBUG ThreadLocalRandom:214 - -Dio.netty.initialSeedUniquifier: 0x83067f0542e9d46c
2022-05-11 15:33:39 INFO  ebanking:17 - URL is opened
2022-05-11 15:33:39 INFO  ebanking:23 - Username is entered
2022-05-11 15:33:39 INFO  ebanking:26 - password is entered
2022-05-11 15:33:40 INFO  ebanking:32 - Login test passed
]]></system-out>
    <system-err><![CDATA[SLF4J: Failed to load class "org.slf4j.impl.StaticLoggerBinder".
SLF4J: Defaulting to no-operation (NOP) logger implementation
SLF4J: See http://www.slf4j.org/codes.html#StaticLoggerBinder for further details.
Starting ChromeDriver 101.0.4951.41 (93c720db8323b3ec10d056025ab95c23a31997c9-refs/branch-heads/4951@{#904}) on port 51474
Only local connections are allowed.
Please see https://chromedriver.chromium.org/security-considerations for suggestions on keeping ChromeDriver safe.
ChromeDriver was started successfully.
May 11, 2022 3:33:38 P.M. org.openqa.selenium.remote.ProtocolHandshake createSession
INFO: Detected dialect: W3C
May 11, 2022 3:33:38 P.M. org.openqa.selenium.devtools.CdpVersionFinder findNearestMatch
WARNING: Unable to find an exact match for CDP version 101, so returning the closest version found: 99
May 11, 2022 3:33:38 P.M. org.openqa.selenium.devtools.CdpVersionFinder findNearestMatch
INFO: Found CDP implementation for version 101 of 99
]]></system-err>
  </testcase>
  <testcase name="addNewCustomer" classname="com.inetbanking.testCases.TC_AddCustomerTest_003" time="26.281">
    <system-out><![CDATA[browser name is :chrome
2022-05-11 15:33:43 INFO  ebanking:20 - Username is provided
2022-05-11 15:33:43 INFO  ebanking:22 - Password is provided
2022-05-11 15:33:46 INFO  ebanking:29 - Clicking on New Customer link....
2022-05-11 15:33:54 INFO  ebanking:39 - Providing Customer Details....
2022-05-11 15:34:06 INFO  ebanking:61 - Customer details entered successfully...
2022-05-11 15:34:09 INFO  ebanking:67 - Validation Starts...
2022-05-11 15:34:09 INFO  ebanking:71 - Customer Added Successfully - Test Case Passed
]]></system-out>
    <system-err><![CDATA[Starting ChromeDriver 101.0.4951.41 (93c720db8323b3ec10d056025ab95c23a31997c9-refs/branch-heads/4951@{#904}) on port 61410
Only local connections are allowed.
Please see https://chromedriver.chromium.org/security-considerations for suggestions on keeping ChromeDriver safe.
ChromeDriver was started successfully.
May 11, 2022 3:33:41 P.M. org.openqa.selenium.remote.ProtocolHandshake createSession
INFO: Detected dialect: W3C
May 11, 2022 3:33:41 P.M. org.openqa.selenium.devtools.CdpVersionFinder findNearestMatch
WARNING: Unable to find an exact match for CDP version 101, so returning the closest version found: 99
May 11, 2022 3:33:41 P.M. org.openqa.selenium.devtools.CdpVersionFinder findNearestMatch
INFO: Found CDP implementation for version 101 of 99
]]></system-err>
  </testcase>
</testsuite>