<?xml version="1.0" encoding="UTF-8"?>
<testng-results ignored="0" total="2" passed="2" failed="0" skipped="0">
  <reporter-output>
  </reporter-output>
  <suite started-at="2022-05-11T15:33:36 EDT" name="InetBankingv1" finished-at="2022-05-11T15:34:09 EDT" duration-ms="33229">
    <groups>
    </groups>
    <test started-at="2022-05-11T15:33:36 EDT" name="BankingApp Test" finished-at="2022-05-11T15:34:09 EDT" duration-ms="33229">
      <class name="com.inetbanking.testCases.TC_LoginTest_001">
        <test-method is-config="true" signature="setup(java.lang.String)[pri:0, instance:com.inetbanking.testCases.TC_LoginTest_001@1a451d4d]" started-at="2022-05-11T15:33:36 EDT" name="setup" finished-at="2022-05-11T15:33:39 EDT" duration-ms="3297" status="PASS">
          <params>
            <param index="0">
              <value>
                <![CDATA[chrome]]>
              </value>
            </param>
          </params>
          <reporter-output>
          </reporter-output>
        </test-method> <!-- setup -->
        <test-method signature="loginTest()[pri:0, instance:com.inetbanking.testCases.TC_LoginTest_001@1a451d4d]" started-at="2022-05-11T15:33:39 EDT" name="loginTest" finished-at="2022-05-11T15:33:40 EDT" duration-ms="952" status="PASS">
          <reporter-output>
          </reporter-output>
        </test-method> <!-- loginTest -->
        <test-method is-config="true" signature="tearDown()[pri:0, instance:com.inetbanking.testCases.TC_LoginTest_001@1a451d4d]" started-at="2022-05-11T15:33:40 EDT" name="tearDown" finished-at="2022-05-11T15:33:40 EDT" duration-ms="182" status="PASS">
          <reporter-output>
          </reporter-output>
        </test-method> <!-- tearDown -->
      </class> <!-- com.inetbanking.testCases.TC_LoginTest_001 -->
      <class name="com.inetbanking.testCases.TC_AddCustomerTest_003">
        <test-method is-config="true" signature="setup(java.lang.String)[pri:0, instance:com.inetbanking.testCases.TC_AddCustomerTest_003@71809907]" started-at="2022-05-11T15:33:40 EDT" name="setup" finished-at="2022-05-11T15:33:43 EDT" duration-ms="2150" status="PASS">
          <params>
            <param index="0">
              <value>
                <![CDATA[chrome]]>
              </value>
            </param>
          </params>
          <reporter-output>
          </reporter-output>
        </test-method> <!-- setup -->
        <test-method signature="addNewCustomer()[pri:0, instance:com.inetbanking.testCases.TC_AddCustomerTest_003@71809907]" started-at="2022-05-11T15:33:43 EDT" name="addNewCustomer" finished-at="2022-05-11T15:34:09 EDT" duration-ms="26280" status="PASS">
          <reporter-output>
          </reporter-output>
        </test-method> <!-- addNewCustomer -->
        <test-method is-config="true" signature="tearDown()[pri:0, instance:com.inetbanking.testCases.TC_AddCustomerTest_003@71809907]" started-at="2022-05-11T15:34:09 EDT" name="tearDown" finished-at="2022-05-11T15:34:09 EDT" duration-ms="185" status="PASS">
          <reporter-output>
          </reporter-output>
        </test-method> <!-- tearDown -->
      </class> <!-- com.inetbanking.testCases.TC_AddCustomerTest_003 -->
    </test> <!-- BankingApp Test -->
  </suite> <!-- InetBankingv1 -->
</testng-results>
