<?xml version="1.0" encoding="UTF-8"?>
<testng-results ignored="0" total="2" passed="2" failed="0" skipped="0">
  <reporter-output>
  </reporter-output>
  <suite started-at="2022-05-10T12:04:02 EDT" name="InetBankingv1" finished-at="2022-05-10T12:04:37 EDT" duration-ms="35069">
    <groups>
    </groups>
    <test started-at="2022-05-10T12:04:02 EDT" name="BankingApp Test" finished-at="2022-05-10T12:04:37 EDT" duration-ms="35069">
      <class name="com.inetbanking.testCases.TC_LoginTest_001">
        <test-method is-config="true" signature="setup(java.lang.String)[pri:0, instance:com.inetbanking.testCases.TC_LoginTest_001@4c371370]" started-at="2022-05-10T12:04:02 EDT" name="setup" finished-at="2022-05-10T12:04:07 EDT" duration-ms="5116" status="PASS">
          <params>
            <param index="0">
              <value>
                <![CDATA[chrome]]>
              </value>
            </param>
          </params>
          <reporter-output>
          </reporter-output>
        </test-method> <!-- setup -->
        <test-method signature="loginTest()[pri:0, instance:com.inetbanking.testCases.TC_LoginTest_001@4c371370]" started-at="2022-05-10T12:04:07 EDT" name="loginTest" finished-at="2022-05-10T12:04:08 EDT" duration-ms="973" status="PASS">
          <reporter-output>
          </reporter-output>
        </test-method> <!-- loginTest -->
        <test-method is-config="true" signature="tearDown()[pri:0, instance:com.inetbanking.testCases.TC_LoginTest_001@4c371370]" started-at="2022-05-10T12:04:08 EDT" name="tearDown" finished-at="2022-05-10T12:04:08 EDT" duration-ms="188" status="PASS">
          <reporter-output>
          </reporter-output>
        </test-method> <!-- tearDown -->
      </class> <!-- com.inetbanking.testCases.TC_LoginTest_001 -->
      <class name="com.inetbanking.testCases.TC_AddCustomerTest_003">
        <test-method is-config="true" signature="setup(java.lang.String)[pri:0, instance:com.inetbanking.testCases.TC_AddCustomerTest_003@34a3d150]" started-at="2022-05-10T12:04:08 EDT" name="setup" finished-at="2022-05-10T12:04:11 EDT" duration-ms="2162" status="PASS">
          <params>
            <param index="0">
              <value>
                <![CDATA[chrome]]>
              </value>
            </param>
          </params>
          <reporter-output>
          </reporter-output>
        </test-method> <!-- setup -->
        <test-method signature="addNewCustomer()[pri:0, instance:com.inetbanking.testCases.TC_AddCustomerTest_003@34a3d150]" started-at="2022-05-10T12:04:11 EDT" name="addNewCustomer" finished-at="2022-05-10T12:04:37 EDT" duration-ms="26154" status="PASS">
          <reporter-output>
          </reporter-output>
        </test-method> <!-- addNewCustomer -->
        <test-method is-config="true" signature="tearDown()[pri:0, instance:com.inetbanking.testCases.TC_AddCustomerTest_003@34a3d150]" started-at="2022-05-10T12:04:37 EDT" name="tearDown" finished-at="2022-05-10T12:04:37 EDT" duration-ms="185" status="PASS">
          <reporter-output>
          </reporter-output>
        </test-method> <!-- tearDown -->
      </class> <!-- com.inetbanking.testCases.TC_AddCustomerTest_003 -->
    </test> <!-- BankingApp Test -->
  </suite> <!-- InetBankingv1 -->
</testng-results>
